  Source.cpp
C:\Users\mr hendy\Desktop\Project1\Project1\include\Collision.hpp(69,28): warning C4244: 'initializing': conversion from 'T' to 'int', possible loss of data
          with
          [
              T=float
          ]
C:\Users\mr hendy\Desktop\Project1\Project1\include\Collision.hpp(70,32): warning C4244: 'initializing': conversion from 'T' to 'int', possible loss of data
          with
          [
              T=float
          ]
C:\Users\mr hendy\Desktop\Project1\Project1\include\Collision.hpp(72,92): warning C4244: 'argument': conversion from 'int' to 'float', possible loss of data
C:\Users\mr hendy\Desktop\Project1\Project1\include\Collision.hpp(72,89): warning C4244: 'argument': conversion from 'int' to 'float', possible loss of data
C:\Users\mr hendy\Desktop\Project1\Project1\include\Collision.hpp(73,92): warning C4244: 'argument': conversion from 'int' to 'float', possible loss of data
C:\Users\mr hendy\Desktop\Project1\Project1\include\Collision.hpp(73,89): warning C4244: 'argument': conversion from 'int' to 'float', possible loss of data
C:\Users\mr hendy\Desktop\Project1\Project1\include\Collision.hpp(135,55): warning C4244: 'argument': conversion from 'T' to 'float', possible loss of data
          with
          [
              T=int
          ]
C:\Users\mr hendy\Desktop\Project1\Project1\include\Collision.hpp(136,68): warning C4244: 'argument': conversion from 'T' to 'float', possible loss of data
          with
          [
              T=int
          ]
C:\Users\mr hendy\Desktop\Project1\Project1\include\Collision.hpp(136,55): warning C4244: 'argument': conversion from 'T' to 'float', possible loss of data
          with
          [
              T=int
          ]
C:\Users\mr hendy\Desktop\Project1\Project1\include\Collision.hpp(137,60): warning C4244: 'argument': conversion from 'T' to 'float', possible loss of data
          with
          [
              T=int
          ]
C:\Users\mr hendy\Desktop\Project1\Project1\Project1\Source.cpp(75,25): warning C4305: 'argument': truncation from 'double' to 'float'
C:\Users\mr hendy\Desktop\Project1\Project1\Project1\Source.cpp(76,24): warning C4305: 'argument': truncation from 'double' to 'float'
  Project1.vcxproj -> C:\Users\mr hendy\Desktop\Project1\Project1\x64\Debug\Project1.exe
